2020-09-27 02:11:15,009 INFO org.springframework.boot.devtools.env.DevToolsPropertyDefaultsPostProcessor [restartedMain] Devtools property defaults active! Set 'spring.devtools.add-properties' to 'false' to disable
2020-09-27 02:11:18,258 WARN org.springframework.boot.actuate.endpoint.EndpointId [restartedMain] Endpoint ID 'service-registry' contains invalid characters, please migrate to a valid format.
2020-09-27 02:11:18,285 WARN org.springframework.boot.actuate.endpoint.EndpointId [restartedMain] Endpoint ID 'hystrix.stream' contains invalid characters, please migrate to a valid format.
2020-09-27 02:11:18,507 INFO org.springframework.cloud.context.scope.GenericScope [restartedMain] BeanFactory id=f9565634-075c-3efc-8d8c-1fcdb9f30691
2020-09-27 02:11:52,810 INFO org.springframework.boot.web.embedded.tomcat.TomcatWebServer [restartedMain] Tomcat initialized with port(s): 6565 (http)
2020-09-27 02:11:52,944 INFO org.springframework.boot.web.servlet.context.ServletWebServerApplicationContext [restartedMain] Root WebApplicationContext: initialization completed in 36051 ms
2020-09-27 02:11:54,469 INFO org.springframework.scheduling.concurrent.ThreadPoolTaskExecutor [restartedMain] Initializing ExecutorService 'applicationTaskExecutor'
2020-09-27 02:11:56,498 INFO org.springframework.cloud.netflix.eureka.config.DiscoveryClientOptionalArgsConfiguration [restartedMain] Eureka HTTP Client uses Jersey
2020-09-27 02:11:56,732 WARN org.springframework.boot.devtools.autoconfigure.OptionalLiveReloadServer [restartedMain] Unable to start LiveReload server
2020-09-27 02:11:56,770 WARN org.springframework.cloud.loadbalancer.config.BlockingLoadBalancerClientAutoConfiguration$BlockingLoadBalancerClientRibbonWarnLogger [restartedMain] You already have RibbonLoadBalancerClient on your classpath. It will be used by default. As Spring Cloud Ribbon is in maintenance mode. We recommend switching to BlockingLoadBalancerClient instead. In order to use it, set the value of `spring.cloud.loadbalancer.ribbon.enabled` to `false` or remove spring-cloud-starter-netflix-ribbon from your project.
2020-09-27 02:11:58,036 INFO org.springframework.cloud.netflix.zuul.ZuulFilterInitializer [restartedMain] Starting filter initializer
2020-09-27 02:11:58,051 INFO org.springframework.boot.actuate.endpoint.web.EndpointLinksResolver [restartedMain] Exposing 2 endpoint(s) beneath base path '/actuator'
2020-09-27 02:11:58,188 INFO org.springframework.cloud.netflix.eureka.InstanceInfoFactory [restartedMain] Setting initial instance status as: STARTING
2020-09-27 02:11:59,552 INFO org.springframework.cloud.netflix.eureka.serviceregistry.EurekaServiceRegistry [restartedMain] Registering application SERVIDOR.ZUUL with eureka with status UP
2020-09-27 02:11:59,580 INFO org.springframework.boot.web.embedded.tomcat.TomcatWebServer [restartedMain] Tomcat started on port(s): 6565 (http) with context path ''
2020-09-27 02:11:59,581 INFO org.springframework.cloud.netflix.eureka.serviceregistry.EurekaAutoServiceRegistration [restartedMain] Updating port to 6565
2020-09-27 02:12:19,745 INFO org.springframework.web.servlet.DispatcherServlet [http-nio-6565-exec-1] Initializing Servlet 'dispatcherServlet'
2020-09-27 02:12:19,755 INFO org.springframework.web.servlet.DispatcherServlet [http-nio-6565-exec-1] Completed initialization in 10 ms
2020-09-27 02:15:01,074 INFO org.springframework.cloud.netflix.eureka.serviceregistry.EurekaServiceRegistry [Thread-2] Unregistering application SERVIDOR.ZUUL with eureka with status DOWN
2020-09-27 02:15:01,726 INFO org.springframework.cloud.netflix.zuul.ZuulFilterInitializer [Thread-2] Stopping filter initializer
2020-09-27 02:15:01,738 INFO org.springframework.scheduling.concurrent.ThreadPoolTaskExecutor [Thread-2] Shutting down ExecutorService 'applicationTaskExecutor'
